<?xml version="1.0" encoding="UTF-8"?>
<!-- Generated by org.testng.reporters.JUnitReportReporter -->
<testsuite hostname="DESKTOP-QGMKBOH" failures="0" tests="2" name="com.qa.freecrm.tests.LoginPageTest" time="0.053" errors="0" timestamp="2025-10-25T23:34:11 IST" skipped="0">
  <testcase classname="com.qa.freecrm.tests.LoginPageTest" name="VerifyLoginPageTitle" time="0.048"/>
  <testcase classname="com.qa.freecrm.tests.LoginPageTest" name="VerifyLoginPageUrl" time="0.005"/>
</testsuite> <!-- com.qa.freecrm.tests.LoginPageTest -->
