<?xml version="1.0" encoding="UTF-8"?>
<!-- Generated by org.testng.reporters.JUnitReportReporter -->
<testsuite hostname="DESKTOP-QGMKBOH" failures="0" tests="3" name="com.qa.freecrm.tests.LoginPageTest" time="3.068" errors="0" timestamp="26 Oct 2025 12:00:37 GMT">
  <testcase classname="com.qa.freecrm.tests.LoginPageTest" name="VerifyLoginPageUrl" time="0.035"/>
  <testcase classname="com.qa.freecrm.tests.LoginPageTest" name="VerifyLoginPageTitle" time="0.055"/>
  <testcase classname="com.qa.freecrm.tests.LoginPageTest" name="VerifySuccessfulLogin" time="2.978"/>
</testsuite> <!-- com.qa.freecrm.tests.LoginPageTest -->
